# JRE version: OpenJDK Runtime Environment Temurin-17.0.4+8 (17.0.4+8) (build 17.0.4+8)
# Java VM: OpenJDK 64-Bit Server VM Temurin-17.0.4+8 (17.0.4+8, mixed mode, tiered, compressed oops, compressed class ptrs, g1 gc, windows-amd64)
GC Precious Log:
 CPUs: 8 total, 8 available
 Memory: 16118M
 Large Page Support: Disabled
 NUMA Support: Disabled
 Compressed Oops: Enabled (Zero based)
 Heap Region Size: 2M
 Heap Min Capacity: 8M
 Heap Initial Capacity: 252M
 Heap Max Capacity: 4030M
 Pre-touch: Disabled
 Parallel Workers: 8
 Concurrent Workers: 2
 Concurrent Refinement Workers: 8
 Periodic GC: Disabled
Heap:
 garbage-first heap   total 258048K, used 158874K [0x0000000704200000, 0x0000000800000000)
  region size 2048K, 2 young (4096K), 1 survivors (2048K)
 Metaspace       used 37417K, committed 38464K, reserved 1089536K
  class space    used 3947K, committed 4224K, reserved 1048576K
GC Heap History (20 events):
Event: 7.733 GC heap before
{Heap before GC invocations=10 (full 0):
 garbage-first heap   total 122880K, used 87537K [0x0000000704200000, 0x0000000800000000)
  region size 2048K, 21 young (43008K), 3 survivors (6144K)
 Metaspace       used 34256K, committed 34560K, reserved 1081344K
  class space    used 3616K, committed 3776K, reserved 1048576K
}
Event: 7.742 GC heap after
{Heap after GC invocations=11 (full 0):
 garbage-first heap   total 122880K, used 53095K [0x0000000704200000, 0x0000000800000000)
  region size 2048K, 1 young (2048K), 1 survivors (2048K)
 Metaspace       used 34256K, committed 34560K, reserved 1081344K
  class space    used 3616K, committed 3776K, reserved 1048576K
}
Event: 8.327 GC heap before
{Heap before GC invocations=11 (full 0):
 garbage-first heap   total 122880K, used 89959K [0x0000000704200000, 0x0000000800000000)
  region size 2048K, 19 young (38912K), 1 survivors (2048K)
 Metaspace       used 35386K, committed 35776K, reserved 1081344K
  class space    used 3736K, committed 3904K, reserved 1048576K
}
Event: 8.334 GC heap after
{Heap after GC invocations=12 (full 0):
 garbage-first heap   total 122880K, used 53479K [0x0000000704200000, 0x0000000800000000)
  region size 2048K, 1 young (2048K), 1 survivors (2048K)
 Metaspace       used 35386K, committed 35776K, reserved 1081344K
  class space    used 3736K, committed 3904K, reserved 1048576K
}
Event: 8.529 GC heap before
{Heap before GC invocations=12 (full 0):
 garbage-first heap   total 122880K, used 55527K [0x0000000704200000, 0x0000000800000000)
  region size 2048K, 3 young (6144K), 1 survivors (2048K)
 Metaspace       used 35623K, committed 36032K, reserved 1089536K
  class space    used 3767K, committed 3968K, reserved 1048576K
}
Event: 8.535 GC heap after
{Heap after GC invocations=13 (full 0):
 garbage-first heap   total 122880K, used 54076K [0x0000000704200000, 0x0000000800000000)
  region size 2048K, 2 young (4096K), 2 survivors (4096K)
 Metaspace       used 35623K, committed 36032K, reserved 1089536K
  class space    used 3767K, committed 3968K, reserved 1048576K
}
Event: 10.176 GC heap before
{Heap before GC invocations=14 (full 0):
 garbage-first heap   total 122880K, used 90940K [0x0000000704200000, 0x0000000800000000)
  region size 2048K, 20 young (40960K), 2 survivors (4096K)
 Metaspace       used 36791K, committed 37120K, reserved 1089536K
  class space    used 3861K, committed 4032K, reserved 1048576K
}
Event: 10.189 GC heap after
{Heap after GC invocations=15 (full 0):
 garbage-first heap   total 122880K, used 56413K [0x0000000704200000, 0x0000000800000000)
  region size 2048K, 3 young (6144K), 3 survivors (6144K)
 Metaspace       used 36791K, committed 37120K, reserved 1089536K
  class space    used 3861K, committed 4032K, reserved 1048576K
}
Event: 18.575 GC heap before
{Heap before GC invocations=15 (full 0):
 garbage-first heap   total 122880K, used 93277K [0x0000000704200000, 0x0000000800000000)
  region size 2048K, 21 young (43008K), 3 survivors (6144K)
 Metaspace       used 37601K, committed 38016K, reserved 1089536K
  class space    used 3970K, committed 4160K, reserved 1048576K
}
Event: 18.586 GC heap after
{Heap after GC invocations=16 (full 0):
 garbage-first heap   total 122880K, used 58426K [0x0000000704200000, 0x0000000800000000)
  region size 2048K, 3 young (6144K), 3 survivors (6144K)
 Metaspace       used 37601K, committed 38016K, reserved 1089536K
  class space    used 3970K, committed 4160K, reserved 1048576K
}
Event: 25.285 GC heap before
{Heap before GC invocations=16 (full 0):
 garbage-first heap   total 122880K, used 80954K [0x0000000704200000, 0x0000000800000000)
  region size 2048K, 14 young (28672K), 3 survivors (6144K)
 Metaspace       used 38771K, committed 39168K, reserved 1089536K
  class space    used 4115K, committed 4288K, reserved 1048576K
}
Event: 25.295 GC heap after
{Heap after GC invocations=17 (full 0):
 garbage-first heap   total 122880K, used 61907K [0x0000000704200000, 0x0000000800000000)
  region size 2048K, 2 young (4096K), 2 survivors (4096K)
 Metaspace       used 38771K, committed 39168K, reserved 1089536K
  class space    used 4115K, committed 4288K, reserved 1048576K
}
Event: 25.792 GC heap before
{Heap before GC invocations=18 (full 0):
 garbage-first heap   total 122880K, used 111059K [0x0000000704200000, 0x0000000800000000)
  region size 2048K, 4 young (8192K), 2 survivors (4096K)
 Metaspace       used 38922K, committed 39296K, reserved 1089536K
  class space    used 4131K, committed 4288K, reserved 1048576K
}
Event: 25.796 GC heap after
{Heap after GC invocations=19 (full 0):
 garbage-first heap   total 122880K, used 109503K [0x0000000704200000, 0x0000000800000000)
  region size 2048K, 1 young (2048K), 1 survivors (2048K)
 Metaspace       used 38922K, committed 39296K, reserved 1089536K
  class space    used 4131K, committed 4288K, reserved 1048576K
}
Event: 25.906 GC heap before
{Heap before GC invocations=19 (full 0):
 garbage-first heap   total 122880K, used 113599K [0x0000000704200000, 0x0000000800000000)
  region size 2048K, 2 young (4096K), 1 survivors (2048K)
 Metaspace       used 39103K, committed 39488K, reserved 1089536K
  class space    used 4150K, committed 4288K, reserved 1048576K
}
Event: 25.909 GC heap after
{Heap after GC invocations=20 (full 0):
 garbage-first heap   total 122880K, used 102378K [0x0000000704200000, 0x0000000800000000)
  region size 2048K, 1 young (2048K), 1 survivors (2048K)
 Metaspace       used 39103K, committed 39488K, reserved 1089536K
  class space    used 4150K, committed 4288K, reserved 1048576K
}
Event: 26.558 GC heap before
{Heap before GC invocations=20 (full 0):
 garbage-first heap   total 165888K, used 149482K [0x0000000704200000, 0x0000000800000000)
  region size 2048K, 2 young (4096K), 1 survivors (2048K)
 Metaspace       used 39105K, committed 39488K, reserved 1089536K
  class space    used 4150K, committed 4288K, reserved 1048576K
}
Event: 26.561 GC heap after
{Heap after GC invocations=21 (full 0):
 garbage-first heap   total 200704K, used 144579K [0x0000000704200000, 0x0000000800000000)
  region size 2048K, 1 young (2048K), 1 survivors (2048K)
 Metaspace       used 39105K, committed 39488K, reserved 1089536K
  class space    used 4150K, committed 4288K, reserved 1048576K
}
Event: 26.567 GC heap before
{Heap before GC invocations=21 (full 0):
 garbage-first heap   total 200704K, used 154819K [0x0000000704200000, 0x0000000800000000)
  region size 2048K, 2 young (4096K), 1 survivors (2048K)
 Metaspace       used 39105K, committed 39488K, reserved 1089536K
  class space    used 4150K, committed 4288K, reserved 1048576K
}
Event: 26.568 GC heap after
{Heap after GC invocations=22 (full 0):
 garbage-first heap   total 200704K, used 154778K [0x0000000704200000, 0x0000000800000000)
  region size 2048K, 1 young (2048K), 1 survivors (2048K)
 Metaspace       used 39105K, committed 39488K, reserved 1089536K
  class space    used 4150K, committed 4288K, reserved 1048576K
}

