# JRE version: OpenJDK Runtime Environment Temurin-17.0.4+8 (17.0.4+8) (build 17.0.4+8)
# Java VM: OpenJDK 64-Bit Server VM Temurin-17.0.4+8 (17.0.4+8, mixed mode, tiered, compressed oops, compressed class ptrs, g1 gc, windows-amd64)
GC Precious Log:
 CPUs: 8 total, 8 available
 Memory: 16118M
 Large Page Support: Disabled
 NUMA Support: Disabled
 Compressed Oops: Enabled (Zero based)
 Heap Region Size: 2M
 Heap Min Capacity: 8M
 Heap Initial Capacity: 252M
 Heap Max Capacity: 4030M
 Pre-touch: Disabled
 Parallel Workers: 8
 Concurrent Workers: 2
 Concurrent Refinement Workers: 8
 Periodic GC: Disabled
Heap:
 garbage-first heap   total 116736K, used 78949K [0x0000000704200000, 0x0000000800000000)
  region size 2048K, 14 young (28672K), 3 survivors (6144K)
 Metaspace       used 38315K, committed 38720K, reserved 1089536K
  class space    used 4064K, committed 4288K, reserved 1048576K
GC Heap History (20 events):
Event: 11.795 GC heap before
{Heap before GC invocations=8 (full 0):
 garbage-first heap   total 75776K, used 51732K [0x0000000704200000, 0x0000000800000000)
  region size 2048K, 10 young (20480K), 2 survivors (4096K)
 Metaspace       used 31243K, committed 31488K, reserved 1081344K
  class space    used 3286K, committed 3392K, reserved 1048576K
}
Event: 11.803 GC heap after
{Heap after GC invocations=9 (full 0):
 garbage-first heap   total 75776K, used 41238K [0x0000000704200000, 0x0000000800000000)
  region size 2048K, 2 young (4096K), 2 survivors (4096K)
 Metaspace       used 31243K, committed 31488K, reserved 1081344K
  class space    used 3286K, committed 3392K, reserved 1048576K
}
Event: 12.319 GC heap before
{Heap before GC invocations=9 (full 0):
 garbage-first heap   total 75776K, used 53526K [0x0000000704200000, 0x0000000800000000)
  region size 2048K, 8 young (16384K), 2 survivors (4096K)
 Metaspace       used 31264K, committed 31488K, reserved 1081344K
  class space    used 3286K, committed 3392K, reserved 1048576K
}
Event: 12.327 GC heap after
{Heap after GC invocations=10 (full 0):
 garbage-first heap   total 75776K, used 46215K [0x0000000704200000, 0x0000000800000000)
  region size 2048K, 1 young (2048K), 1 survivors (2048K)
 Metaspace       used 31264K, committed 31488K, reserved 1081344K
  class space    used 3286K, committed 3392K, reserved 1048576K
}
Event: 12.599 GC heap before
{Heap before GC invocations=11 (full 0):
 garbage-first heap   total 86016K, used 56455K [0x0000000704200000, 0x0000000800000000)
  region size 2048K, 6 young (12288K), 1 survivors (2048K)
 Metaspace       used 31499K, committed 31744K, reserved 1081344K
  class space    used 3320K, committed 3456K, reserved 1048576K
}
Event: 12.609 GC heap after
{Heap after GC invocations=12 (full 0):
 garbage-first heap   total 86016K, used 48326K [0x0000000704200000, 0x0000000800000000)
  region size 2048K, 1 young (2048K), 1 survivors (2048K)
 Metaspace       used 31499K, committed 31744K, reserved 1081344K
  class space    used 3320K, committed 3456K, reserved 1048576K
}
Event: 13.311 GC heap before
{Heap before GC invocations=12 (full 0):
 garbage-first heap   total 86016K, used 62662K [0x0000000704200000, 0x0000000800000000)
  region size 2048K, 8 young (16384K), 1 survivors (2048K)
 Metaspace       used 31961K, committed 32192K, reserved 1081344K
  class space    used 3358K, committed 3456K, reserved 1048576K
}
Event: 13.320 GC heap after
{Heap after GC invocations=13 (full 0):
 garbage-first heap   total 86016K, used 51571K [0x0000000704200000, 0x0000000800000000)
  region size 2048K, 1 young (2048K), 1 survivors (2048K)
 Metaspace       used 31961K, committed 32192K, reserved 1081344K
  class space    used 3358K, committed 3456K, reserved 1048576K
}
Event: 14.278 GC heap before
{Heap before GC invocations=14 (full 0):
 garbage-first heap   total 96256K, used 61811K [0x0000000704200000, 0x0000000800000000)
  region size 2048K, 7 young (14336K), 1 survivors (2048K)
 Metaspace       used 32809K, committed 33152K, reserved 1081344K
  class space    used 3437K, committed 3584K, reserved 1048576K
}
Event: 14.285 GC heap after
{Heap after GC invocations=15 (full 0):
 garbage-first heap   total 96256K, used 53217K [0x0000000704200000, 0x0000000800000000)
  region size 2048K, 1 young (2048K), 1 survivors (2048K)
 Metaspace       used 32809K, committed 33152K, reserved 1081344K
  class space    used 3437K, committed 3584K, reserved 1048576K
}
Event: 15.481 GC heap before
{Heap before GC invocations=15 (full 0):
 garbage-first heap   total 96256K, used 69601K [0x0000000704200000, 0x0000000800000000)
  region size 2048K, 10 young (20480K), 1 survivors (2048K)
 Metaspace       used 33905K, committed 34240K, reserved 1081344K
  class space    used 3566K, committed 3712K, reserved 1048576K
}
Event: 15.486 GC heap after
{Heap after GC invocations=16 (full 0):
 garbage-first heap   total 96256K, used 53474K [0x0000000704200000, 0x0000000800000000)
  region size 2048K, 1 young (2048K), 1 survivors (2048K)
 Metaspace       used 33905K, committed 34240K, reserved 1081344K
  class space    used 3566K, committed 3712K, reserved 1048576K
}
Event: 16.083 GC heap before
{Heap before GC invocations=17 (full 0):
 garbage-first heap   total 96256K, used 71906K [0x0000000704200000, 0x0000000800000000)
  region size 2048K, 11 young (22528K), 1 survivors (2048K)
 Metaspace       used 34380K, committed 34752K, reserved 1081344K
  class space    used 3626K, committed 3840K, reserved 1048576K
}
Event: 16.089 GC heap after
{Heap after GC invocations=18 (full 0):
 garbage-first heap   total 96256K, used 53831K [0x0000000704200000, 0x0000000800000000)
  region size 2048K, 2 young (4096K), 2 survivors (4096K)
 Metaspace       used 34380K, committed 34752K, reserved 1081344K
  class space    used 3626K, committed 3840K, reserved 1048576K
}
Event: 16.489 GC heap before
{Heap before GC invocations=18 (full 0):
 garbage-first heap   total 96256K, used 74311K [0x0000000704200000, 0x0000000800000000)
  region size 2048K, 12 young (24576K), 2 survivors (4096K)
 Metaspace       used 34645K, committed 35072K, reserved 1081344K
  class space    used 3629K, committed 3840K, reserved 1048576K
}
Event: 16.494 GC heap after
{Heap after GC invocations=19 (full 0):
 garbage-first heap   total 116736K, used 54146K [0x0000000704200000, 0x0000000800000000)
  region size 2048K, 2 young (4096K), 2 survivors (4096K)
 Metaspace       used 34645K, committed 35072K, reserved 1081344K
  class space    used 3629K, committed 3840K, reserved 1048576K
}
Event: 18.261 GC heap before
{Heap before GC invocations=20 (full 0):
 garbage-first heap   total 116736K, used 91010K [0x0000000704200000, 0x0000000800000000)
  region size 2048K, 20 young (40960K), 2 survivors (4096K)
 Metaspace       used 36179K, committed 36480K, reserved 1089536K
  class space    used 3797K, committed 3968K, reserved 1048576K
}
Event: 18.273 GC heap after
{Heap after GC invocations=21 (full 0):
 garbage-first heap   total 116736K, used 56416K [0x0000000704200000, 0x0000000800000000)
  region size 2048K, 3 young (6144K), 3 survivors (6144K)
 Metaspace       used 36179K, committed 36480K, reserved 1089536K
  class space    used 3797K, committed 3968K, reserved 1048576K
}
Event: 19.309 GC heap before
{Heap before GC invocations=21 (full 0):
 garbage-first heap   total 116736K, used 91232K [0x0000000704200000, 0x0000000800000000)
  region size 2048K, 20 young (40960K), 3 survivors (6144K)
 Metaspace       used 36934K, committed 37312K, reserved 1089536K
  class space    used 3859K, committed 4032K, reserved 1048576K
}
Event: 19.322 GC heap after
{Heap after GC invocations=22 (full 0):
 garbage-first heap   total 116736K, used 58469K [0x0000000704200000, 0x0000000800000000)
  region size 2048K, 3 young (6144K), 3 survivors (6144K)
 Metaspace       used 36934K, committed 37312K, reserved 1089536K
  class space    used 3859K, committed 4032K, reserved 1048576K
}

